<?xml version="1.0" encoding="UTF-8"?>
<beans xmlns="http://www.springframework.org/schema/beans"
       xmlns:xsi="http://www.w3.org/2001/XMLSchema-instance"
       xmlns:context="http://www.springframework.org/schema/context"
       xsi:schemaLocation="http://www.springframework.org/schema/beans
        https://www.springframework.org/schema/beans/spring-beans.xsd
        http://www.springframework.org/schema/context
        http://www.springframework.org/schema/context/spring-context-3.0.xsd">

    <!-- 扫描应用目录 -->
    <context:component-scan base-package="
        jasmine.demo.config,
        jasmine.demo.controller,
        jasmine.demo.service,
        jasmine.demo.sample">
        <context:exclude-filter type="regex" expression=".*\.WebConfig"/>
    </context:component-scan>
    
    <!-- 扫描Mapper接口类 -->
    <bean class="org.mybatis.spring.mapper.MapperScannerConfigurer">
        <property name="basePackage" value="jasmine.framework.test.liquibase.log,jasmine.**.mapper"/>
    </bean>

</beans>