<?xml version="1.0" encoding="UTF-8"?>
<beans xmlns="http://www.springframework.org/schema/beans"
       xmlns:xsi="http://www.w3.org/2001/XMLSchema-instance"
       xmlns:context="http://www.springframework.org/schema/context"
       xsi:schemaLocation="http://www.springframework.org/schema/beans
        https://www.springframework.org/schema/beans/spring-beans.xsd
        http://www.springframework.org/schema/context
        http://www.springframework.org/schema/context/spring-context-3.0.xsd">

    <context:component-scan base-package="jasmine.security">
    </context:component-scan>

    <!-- 扫描应用目录 -->
    <context:component-scan base-package="
        jasmine.demo.authentication,
        jasmine.demo.common,
        jasmine.demo.home,
        jasmine.demo.journal,
        jasmine.demo.external,
        jasmine.demo.system">
    </context:component-scan>

    <!-- 扫描Mapper接口类 -->
    <bean class="org.mybatis.spring.mapper.MapperScannerConfigurer">
        <property name="basePackage" value="jasmine.test.liquibase.log,jasmine.**.mapper"/>
    </bean>

</beans>